[16:34:04] [info] HIRAETH: Window Created
[16:34:04] [info] GAME APPLICATION: Test Game constructor.
[16:34:04] [info] HIRAETH: Engine is now running.
[16:34:04] [info] HIRAETH: Event pushed: Mouse Moved Event: XPosition(504) YPosition(243) 
[16:34:04] [info] HIRAETH: Event pushed: Mouse Moved Event: XPosition(504) YPosition(244) 
[16:34:04] [info] HIRAETH: Event pushed: Mouse Moved Event: XPosition(504) YPosition(245) 
[16:34:04] [info] HIRAETH: Event pushed: Mouse Moved Event: XPosition(503) YPosition(249) 
[16:34:04] [info] HIRAETH: Event pushed: Mouse Moved Event: XPosition(502) YPosition(249) 
[16:34:08] [info] HIRAETH: Event pushed: Mouse Moved Event: XPosition(1011) YPosition(350) 
[16:34:08] [info] HIRAETH: Event pushed: Mouse Button Pressed: 0
[16:34:09] [info] HIRAETH: Event pushed: Mouse Moved Event: XPosition(1013) YPosition(351) 
[16:34:09] [info] HIRAETH: Event pushed: Mouse Moved Event: XPosition(1014) YPosition(351) 
[16:34:09] [info] HIRAETH: Event pushed: KeyPressed Event: 341 (0) repeats
[16:34:09] [info] HIRAETH: Event pushed: Mouse Moved Event: XPosition(1015) YPosition(352) 
[16:34:09] [info] HIRAETH: Event pushed: Mouse Moved Event: XPosition(1018) YPosition(353) 
[16:34:09] [info] HIRAETH: Event pushed: Mouse Moved Event: XPosition(1019) YPosition(353) 
[16:34:09] [info] HIRAETH: Event pushed: Mouse Moved Event: XPosition(1021) YPosition(354) 
[16:34:09] [info] HIRAETH: Event pushed: Mouse Moved Event: XPosition(1025) YPosition(356) 
[16:34:09] [info] HIRAETH: Event pushed: Mouse Moved Event: XPosition(1027) YPosition(357) 
[16:34:09] [info] HIRAETH: Event pushed: Mouse Moved Event: XPosition(1030) YPosition(358) 
[16:34:09] [info] HIRAETH: Event pushed: Mouse Moved Event: XPosition(1031) YPosition(359) 
[16:34:09] [info] HIRAETH: Event pushed: KeyPressed Event: 341 (1) repeats
[16:34:09] [info] HIRAETH: Event pushed: KeyPressed Event: 341 (1) repeats
[16:34:09] [info] HIRAETH: Event pushed: KeyPressed Event: 341 (1) repeats
[16:34:09] [info] HIRAETH: Event pushed: EVENT::KEYRELEASED: 341
[16:34:09] [info] HIRAETH: Event pushed: KeyPressed Event: 341 (0) repeats
[16:34:09] [info] HIRAETH: Event pushed: Mouse Moved Event: XPosition(1032) YPosition(359) 
[16:34:09] [info] HIRAETH: Event pushed: Mouse Moved Event: XPosition(1034) YPosition(359) 
[16:34:09] [info] HIRAETH: Event pushed: Mouse Moved Event: XPosition(1035) YPosition(360) 
[16:34:09] [info] HIRAETH: Event pushed: Mouse Moved Event: XPosition(1036) YPosition(360) 
[16:34:09] [info] HIRAETH: Event pushed: Mouse Moved Event: XPosition(1039) YPosition(360) 
[16:34:10] [info] HIRAETH: Event pushed: Mouse Moved Event: XPosition(1042) YPosition(362) 
[16:34:10] [info] HIRAETH: Event pushed: Mouse Moved Event: XPosition(1044) YPosition(363) 
[16:34:10] [info] HIRAETH: Event pushed: Mouse Moved Event: XPosition(1046) YPosition(363) 
[16:34:10] [info] HIRAETH: Event pushed: Mouse Moved Event: XPosition(1048) YPosition(364) 
[16:34:10] [info] HIRAETH: Event pushed: Mouse Moved Event: XPosition(1049) YPosition(364) 
[16:34:10] [info] HIRAETH: Event pushed: Mouse Moved Event: XPosition(1051) YPosition(364) 
[16:34:10] [info] HIRAETH: Event pushed: Mouse Moved Event: XPosition(1052) YPosition(364) 
[16:34:10] [info] HIRAETH: Event pushed: Mouse Moved Event: XPosition(1054) YPosition(364) 
[16:34:10] [info] HIRAETH: Event pushed: EVENT::KEYRELEASED: 341
[16:34:10] [info] HIRAETH: Event pushed: Mouse Moved Event: XPosition(1055) YPosition(364) 
[16:34:10] [info] HIRAETH: Event pushed: KeyPressed Event: 262 (0) repeats
[16:34:10] [info] HIRAETH: Event pushed: Mouse Moved Event: XPosition(1054) YPosition(364) 
[16:34:10] [info] HIRAETH: Event pushed: Mouse Moved Event: XPosition(1053) YPosition(364) 
[16:34:10] [info] HIRAETH: Event pushed: Mouse Moved Event: XPosition(1052) YPosition(364) 
[16:34:10] [info] HIRAETH: Event pushed: Mouse Moved Event: XPosition(1051) YPosition(364) 
[16:34:10] [info] HIRAETH: Event pushed: Mouse Moved Event: XPosition(1049) YPosition(364) 
[16:34:10] [info] HIRAETH: Event pushed: Mouse Moved Event: XPosition(1048) YPosition(364) 
[16:34:10] [info] HIRAETH: Event pushed: Mouse Moved Event: XPosition(1045) YPosition(366) 
[16:34:10] [info] HIRAETH: Event pushed: Mouse Moved Event: XPosition(1039) YPosition(367) 
[16:34:10] [info] HIRAETH: Event pushed: Mouse Moved Event: XPosition(1031) YPosition(368) 
[16:34:10] [info] HIRAETH: Event pushed: Mouse Moved Event: XPosition(1023) YPosition(369) 
[16:34:11] [info] HIRAETH: Event pushed: Mouse Moved Event: XPosition(970) YPosition(371) 
[16:34:11] [info] HIRAETH: Event pushed: Mouse Moved Event: XPosition(969) YPosition(372) 
[16:34:11] [info] HIRAETH: Event pushed: EVENT::KEYRELEASED: 262
[16:34:11] [info] HIRAETH: Event pushed: Mouse Moved Event: XPosition(967) YPosition(372) 
[16:34:11] [info] HIRAETH: Event pushed: Mouse Button Released: 0
[16:34:11] [info] HIRAETH: Event pushed: KeyPressed Event: 262 (0) repeats
[16:34:11] [info] HIRAETH: Event pushed: EVENT::KEYRELEASED: 262
[16:34:34] [info] HIRAETH: Event pushed: Mouse Moved Event: XPosition(629) YPosition(391) 
[16:34:34] [info] HIRAETH: Event pushed: Mouse Moved Event: XPosition(629) YPosition(392) 
[16:34:34] [info] HIRAETH: Event pushed: Mouse Moved Event: XPosition(627) YPosition(393) 
[16:34:34] [info] HIRAETH: Event pushed: Mouse Moved Event: XPosition(626) YPosition(393) 
[16:34:34] [info] HIRAETH: Event pushed: Mouse Moved Event: XPosition(624) YPosition(395) 
[16:34:34] [info] HIRAETH: Event pushed: Mouse Moved Event: XPosition(623) YPosition(395) 
[16:34:34] [info] HIRAETH: Event pushed: Mouse Moved Event: XPosition(622) YPosition(396) 
[16:34:34] [info] HIRAETH: Event pushed: Mouse Moved Event: XPosition(621) YPosition(397) 
[16:34:34] [info] HIRAETH: Event pushed: Mouse Moved Event: XPosition(620) YPosition(398) 
[16:34:34] [info] HIRAETH: Event pushed: Mouse Moved Event: XPosition(619) YPosition(398) 
[16:34:34] [info] HIRAETH: Event pushed: Mouse Moved Event: XPosition(616) YPosition(398) 
[16:34:34] [info] HIRAETH: Event pushed: Mouse Moved Event: XPosition(613) YPosition(396) 
[16:34:34] [info] HIRAETH: Event pushed: Mouse Moved Event: XPosition(611) YPosition(395) 
[16:34:34] [info] HIRAETH: Event pushed: Mouse Moved Event: XPosition(610) YPosition(395) 
[16:34:34] [info] HIRAETH: Event pushed: Mouse Moved Event: XPosition(609) YPosition(395) 
[16:34:34] [info] HIRAETH: Event pushed: Mouse Moved Event: XPosition(607) YPosition(393) 
[16:34:34] [info] HIRAETH: Event pushed: Mouse Moved Event: XPosition(606) YPosition(392) 
[16:34:34] [info] HIRAETH: Event pushed: Mouse Moved Event: XPosition(602) YPosition(389) 
[16:34:34] [info] HIRAETH: Event pushed: Mouse Moved Event: XPosition(601) YPosition(388) 
[16:34:34] [info] HIRAETH: Event pushed: Mouse Moved Event: XPosition(598) YPosition(385) 
[16:34:34] [info] HIRAETH: Event pushed: Mouse Moved Event: XPosition(593) YPosition(381) 
[16:34:34] [info] HIRAETH: Event pushed: Mouse Moved Event: XPosition(586) YPosition(376) 
[16:34:34] [info] HIRAETH: Event pushed: Mouse Moved Event: XPosition(573) YPosition(368) 
[16:34:34] [info] HIRAETH: Event pushed: Mouse Moved Event: XPosition(559) YPosition(356) 
[16:34:34] [info] HIRAETH: Event pushed: Mouse Moved Event: XPosition(539) YPosition(345) 
[16:34:34] [info] HIRAETH: Event pushed: Mouse Moved Event: XPosition(512) YPosition(327) 
[16:34:34] [info] HIRAETH: Event pushed: Mouse Moved Event: XPosition(465) YPosition(298) 
[16:34:34] [info] HIRAETH: Event pushed: Mouse Moved Event: XPosition(441) YPosition(281) 
[16:34:34] [info] HIRAETH: Event pushed: Mouse Moved Event: XPosition(434) YPosition(273) 
[16:34:34] [info] HIRAETH: Event pushed: Mouse Moved Event: XPosition(427) YPosition(265) 
[16:34:34] [info] HIRAETH: Event pushed: Mouse Moved Event: XPosition(419) YPosition(254) 
[16:34:34] [info] HIRAETH: Event pushed: Mouse Moved Event: XPosition(414) YPosition(244) 
[16:34:34] [info] HIRAETH: Event pushed: Mouse Moved Event: XPosition(405) YPosition(227) 
[16:34:34] [info] HIRAETH: Event pushed: Mouse Moved Event: XPosition(398) YPosition(215) 
[16:34:34] [info] HIRAETH: Event pushed: Mouse Moved Event: XPosition(391) YPosition(204) 
[16:34:34] [info] HIRAETH: Event pushed: Mouse Moved Event: XPosition(386) YPosition(194) 
[16:34:34] [info] HIRAETH: Event pushed: Mouse Moved Event: XPosition(381) YPosition(181) 
[16:34:34] [info] HIRAETH: Event pushed: Mouse Moved Event: XPosition(377) YPosition(168) 
[16:34:34] [info] HIRAETH: Event pushed: Mouse Moved Event: XPosition(374) YPosition(157) 
[16:34:34] [info] HIRAETH: Event pushed: Mouse Moved Event: XPosition(371) YPosition(147) 
[16:34:34] [info] HIRAETH: Event pushed: Mouse Moved Event: XPosition(370) YPosition(138) 
[16:34:35] [info] HIRAETH: Event pushed: Mouse Moved Event: XPosition(370) YPosition(132) 
[16:34:35] [info] HIRAETH: Event pushed: Mouse Moved Event: XPosition(370) YPosition(126) 
[16:34:35] [info] HIRAETH: Event pushed: Mouse Moved Event: XPosition(368) YPosition(122) 
[16:34:35] [info] HIRAETH: Event pushed: Mouse Moved Event: XPosition(367) YPosition(120) 
[16:34:35] [info] HIRAETH: Event pushed: Mouse Moved Event: XPosition(367) YPosition(118) 
[16:34:35] [info] HIRAETH: Event pushed: Mouse Moved Event: XPosition(367) YPosition(117) 
[16:34:35] [info] HIRAETH: Event pushed: Mouse Moved Event: XPosition(365) YPosition(115) 
[16:34:35] [info] HIRAETH: Event pushed: Mouse Moved Event: XPosition(363) YPosition(113) 
[16:34:35] [info] HIRAETH: Event pushed: Mouse Moved Event: XPosition(362) YPosition(112) 
[16:34:35] [info] HIRAETH: Event pushed: Mouse Moved Event: XPosition(356) YPosition(103) 
[16:34:35] [info] HIRAETH: Event pushed: Mouse Moved Event: XPosition(350) YPosition(95) 
[16:34:35] [info] HIRAETH: Event pushed: Mouse Moved Event: XPosition(346) YPosition(91) 
[16:34:35] [info] HIRAETH: Event pushed: Mouse Moved Event: XPosition(344) YPosition(89) 
[16:34:35] [info] HIRAETH: Event pushed: Mouse Moved Event: XPosition(343) YPosition(87) 
[16:34:35] [info] HIRAETH: Event pushed: Mouse Moved Event: XPosition(342) YPosition(86) 
[16:34:35] [info] HIRAETH: Event pushed: Mouse Moved Event: XPosition(342) YPosition(85) 
[16:34:35] [info] HIRAETH: Event pushed: Mouse Moved Event: XPosition(342) YPosition(84) 
[16:34:35] [info] HIRAETH: Event pushed: Mouse Moved Event: XPosition(342) YPosition(83) 
[16:34:35] [info] HIRAETH: Event pushed: Mouse Moved Event: XPosition(342) YPosition(79) 
[16:34:35] [info] HIRAETH: Event pushed: Mouse Moved Event: XPosition(342) YPosition(76) 
[16:34:35] [info] HIRAETH: Event pushed: Mouse Moved Event: XPosition(344) YPosition(70) 
[16:34:35] [info] HIRAETH: Event pushed: Mouse Moved Event: XPosition(348) YPosition(61) 
[16:34:35] [info] HIRAETH: Event pushed: Mouse Moved Event: XPosition(351) YPosition(56) 
[16:34:35] [info] HIRAETH: Event pushed: Mouse Moved Event: XPosition(351) YPosition(55) 
[16:34:35] [info] HIRAETH: Event pushed: Mouse Moved Event: XPosition(352) YPosition(54) 
[16:34:35] [info] HIRAETH: Event pushed: Mouse Moved Event: XPosition(354) YPosition(53) 
[16:34:35] [info] HIRAETH: Event pushed: Mouse Button Pressed: 0
[16:34:35] [info] HIRAETH: Event pushed: Mouse Moved Event: XPosition(355) YPosition(52) 
[16:34:35] [info] HIRAETH: Event pushed: Mouse Moved Event: XPosition(357) YPosition(52) 
[16:34:35] [info] HIRAETH: Event pushed: Mouse Moved Event: XPosition(360) YPosition(52) 
[16:34:35] [info] HIRAETH: Event pushed: Mouse Moved Event: XPosition(362) YPosition(52) 
[16:34:35] [info] HIRAETH: Event pushed: Mouse Moved Event: XPosition(368) YPosition(54) 
[16:34:35] [info] HIRAETH: Event pushed: Mouse Moved Event: XPosition(387) YPosition(63) 
[16:34:35] [info] HIRAETH: Event pushed: Mouse Moved Event: XPosition(606) YPosition(159) 
[16:34:35] [info] HIRAETH: Event pushed: Mouse Moved Event: XPosition(616) YPosition(163) 
[16:34:35] [info] HIRAETH: Event pushed: Mouse Moved Event: XPosition(629) YPosition(168) 
[16:34:35] [info] HIRAETH: Event pushed: Mouse Moved Event: XPosition(633) YPosition(171) 
[16:34:35] [info] HIRAETH: Event pushed: Mouse Moved Event: XPosition(636) YPosition(172) 
[16:34:35] [info] HIRAETH: Event pushed: Mouse Moved Event: XPosition(642) YPosition(175) 
[16:34:35] [info] HIRAETH: Event pushed: Mouse Moved Event: XPosition(653) YPosition(182) 
[16:34:35] [info] HIRAETH: Event pushed: Mouse Moved Event: XPosition(670) YPosition(190) 
[16:34:35] [info] HIRAETH: Event pushed: Mouse Moved Event: XPosition(677) YPosition(194) 
[16:34:35] [info] HIRAETH: Event pushed: Mouse Moved Event: XPosition(690) YPosition(197) 
[16:34:35] [info] HIRAETH: Event pushed: Mouse Moved Event: XPosition(698) YPosition(199) 
[16:34:35] [info] HIRAETH: Event pushed: Mouse Moved Event: XPosition(699) YPosition(199) 
[16:34:35] [info] HIRAETH: Event pushed: Mouse Moved Event: XPosition(703) YPosition(199) 
[16:34:35] [info] HIRAETH: Event pushed: Mouse Moved Event: XPosition(709) YPosition(201) 
[16:34:35] [info] HIRAETH: Event pushed: Mouse Moved Event: XPosition(724) YPosition(206) 
[16:34:35] [info] HIRAETH: Event pushed: Mouse Moved Event: XPosition(733) YPosition(208) 
[16:34:35] [info] HIRAETH: Event pushed: Mouse Moved Event: XPosition(772) YPosition(221) 
[16:34:35] [info] HIRAETH: Event pushed: Mouse Moved Event: XPosition(801) YPosition(229) 
[16:34:36] [info] HIRAETH: Event pushed: Mouse Moved Event: XPosition(834) YPosition(239) 
[16:34:36] [info] HIRAETH: Event pushed: Mouse Moved Event: XPosition(847) YPosition(242) 
[16:34:36] [info] HIRAETH: Event pushed: Mouse Moved Event: XPosition(863) YPosition(247) 
[16:34:36] [info] HIRAETH: Event pushed: Mouse Moved Event: XPosition(874) YPosition(249) 
[16:34:36] [info] HIRAETH: Event pushed: Mouse Moved Event: XPosition(900) YPosition(255) 
[16:34:36] [info] HIRAETH: Event pushed: Mouse Moved Event: XPosition(916) YPosition(260) 
[16:34:36] [info] HIRAETH: Event pushed: Mouse Moved Event: XPosition(931) YPosition(266) 
[16:34:36] [info] HIRAETH: Event pushed: Mouse Moved Event: XPosition(935) YPosition(267) 
[16:34:36] [info] HIRAETH: Event pushed: Mouse Moved Event: XPosition(937) YPosition(268) 
[16:34:36] [info] HIRAETH: Event pushed: Mouse Moved Event: XPosition(945) YPosition(273) 
[16:34:36] [info] HIRAETH: Event pushed: Mouse Moved Event: XPosition(951) YPosition(278) 
[16:34:36] [info] HIRAETH: Event pushed: Mouse Moved Event: XPosition(957) YPosition(282) 
[16:34:36] [info] HIRAETH: Event pushed: Mouse Moved Event: XPosition(969) YPosition(291) 
[16:34:36] [info] HIRAETH: Event pushed: Mouse Moved Event: XPosition(976) YPosition(296) 
[16:34:36] [info] HIRAETH: Event pushed: Mouse Moved Event: XPosition(984) YPosition(302) 
[16:34:36] [info] HIRAETH: Event pushed: Mouse Moved Event: XPosition(1007) YPosition(314) 
[16:34:36] [info] HIRAETH: Event pushed: Mouse Moved Event: XPosition(1023) YPosition(323) 
[16:34:36] [info] HIRAETH: Event pushed: Mouse Moved Event: XPosition(1036) YPosition(330) 
[16:34:36] [info] HIRAETH: Event pushed: Mouse Moved Event: XPosition(1043) YPosition(334) 
[16:34:36] [info] HIRAETH: Event pushed: Mouse Moved Event: XPosition(1057) YPosition(339) 
[16:34:36] [info] HIRAETH: Event pushed: Mouse Moved Event: XPosition(1073) YPosition(342) 
[16:34:36] [info] HIRAETH: Event pushed: Mouse Moved Event: XPosition(1091) YPosition(346) 
[16:34:36] [info] HIRAETH: Event pushed: Mouse Moved Event: XPosition(1106) YPosition(347) 
[16:34:36] [info] HIRAETH: Event pushed: Mouse Moved Event: XPosition(1118) YPosition(348) 
[16:34:36] [info] HIRAETH: Event pushed: Mouse Moved Event: XPosition(1124) YPosition(350) 
[16:34:36] [info] HIRAETH: Event pushed: Mouse Moved Event: XPosition(1133) YPosition(353) 
[16:34:36] [info] HIRAETH: Event pushed: Mouse Moved Event: XPosition(1139) YPosition(355) 
[16:34:36] [info] HIRAETH: Event pushed: Mouse Moved Event: XPosition(1142) YPosition(356) 
[16:34:36] [info] HIRAETH: Event pushed: Mouse Moved Event: XPosition(1146) YPosition(357) 
[16:34:36] [info] HIRAETH: Event pushed: Mouse Moved Event: XPosition(1149) YPosition(358) 
[16:34:36] [info] HIRAETH: Event pushed: Mouse Moved Event: XPosition(1151) YPosition(360) 
[16:34:36] [info] HIRAETH: Event pushed: Mouse Moved Event: XPosition(1154) YPosition(360) 
[16:34:36] [info] HIRAETH: Event pushed: Mouse Moved Event: XPosition(1156) YPosition(361) 
[16:34:36] [info] HIRAETH: Event pushed: Mouse Moved Event: XPosition(1164) YPosition(364) 
[16:34:36] [info] HIRAETH: Event pushed: Mouse Moved Event: XPosition(1174) YPosition(366) 
[16:34:36] [info] HIRAETH: Event pushed: Mouse Moved Event: XPosition(1185) YPosition(370) 
[16:34:36] [info] HIRAETH: Event pushed: Mouse Moved Event: XPosition(1203) YPosition(373) 
[16:34:36] [info] HIRAETH: Event pushed: Mouse Moved Event: XPosition(1209) YPosition(375) 
[16:34:36] [info] HIRAETH: Event pushed: Mouse Moved Event: XPosition(1215) YPosition(377) 
[16:34:36] [info] HIRAETH: Event pushed: Mouse Moved Event: XPosition(1221) YPosition(378) 
[16:34:36] [info] HIRAETH: Event pushed: Mouse Moved Event: XPosition(1224) YPosition(380) 
[16:34:36] [info] HIRAETH: Event pushed: Mouse Moved Event: XPosition(1226) YPosition(380) 
[16:34:36] [info] HIRAETH: Event pushed: Mouse Moved Event: XPosition(1232) YPosition(380) 
[16:34:36] [info] HIRAETH: Event pushed: Mouse Moved Event: XPosition(1243) YPosition(381) 
[16:34:36] [info] HIRAETH: Event pushed: Mouse Moved Event: XPosition(1254) YPosition(382) 
[16:34:36] [info] HIRAETH: Event pushed: Mouse Moved Event: XPosition(1258) YPosition(382) 
[16:34:36] [info] HIRAETH: Event pushed: Mouse Moved Event: XPosition(1260) YPosition(382) 
[16:34:36] [info] HIRAETH: Event pushed: Mouse Moved Event: XPosition(1261) YPosition(382) 
[16:34:36] [info] HIRAETH: Event pushed: Mouse Moved Event: XPosition(1263) YPosition(382) 
[16:34:36] [info] HIRAETH: Event pushed: Mouse Moved Event: XPosition(1264) YPosition(382) 
[16:34:36] [info] HIRAETH: Event pushed: Mouse Moved Event: XPosition(1266) YPosition(382) 
[16:34:36] [info] HIRAETH: Event pushed: Mouse Moved Event: XPosition(1268) YPosition(382) 
[16:34:36] [info] HIRAETH: Event pushed: Mouse Moved Event: XPosition(1269) YPosition(382) 
[16:34:36] [info] HIRAETH: Event pushed: Mouse Moved Event: XPosition(1272) YPosition(382) 
[16:34:36] [info] HIRAETH: Event pushed: Mouse Moved Event: XPosition(1273) YPosition(382) 
[16:34:36] [info] HIRAETH: Event pushed: Mouse Moved Event: XPosition(1275) YPosition(382) 
[16:34:37] [info] HIRAETH: Event pushed: Mouse Button Released: 0
[16:34:37] [info] HIRAETH: Event pushed: Mouse Moved Event: XPosition(1274) YPosition(382) 
[16:34:37] [info] HIRAETH: Event pushed: Mouse Moved Event: XPosition(1271) YPosition(381) 
[16:34:37] [info] HIRAETH: Event pushed: Mouse Moved Event: XPosition(1269) YPosition(381) 
[16:34:37] [info] HIRAETH: Event pushed: Mouse Moved Event: XPosition(1268) YPosition(381) 
[16:34:37] [info] HIRAETH: Event pushed: Mouse Moved Event: XPosition(1266) YPosition(380) 
[16:34:37] [info] HIRAETH: Event pushed: Mouse Moved Event: XPosition(1261) YPosition(380) 
[16:34:37] [info] HIRAETH: Event pushed: Mouse Moved Event: XPosition(1259) YPosition(379) 
[16:34:37] [info] HIRAETH: Event pushed: Mouse Moved Event: XPosition(1254) YPosition(379) 
[16:34:37] [info] HIRAETH: Event pushed: Mouse Moved Event: XPosition(1248) YPosition(377) 
[16:34:37] [info] HIRAETH: Event pushed: Mouse Moved Event: XPosition(1243) YPosition(377) 
[16:34:37] [info] HIRAETH: Event pushed: Mouse Moved Event: XPosition(1238) YPosition(377) 
[16:34:37] [info] HIRAETH: Event pushed: Mouse Moved Event: XPosition(1233) YPosition(377) 
[16:34:37] [info] HIRAETH: Event pushed: Mouse Moved Event: XPosition(1226) YPosition(375) 
[16:34:37] [info] HIRAETH: Event pushed: Mouse Moved Event: XPosition(1216) YPosition(374) 
[16:34:37] [info] HIRAETH: Event pushed: Mouse Moved Event: XPosition(1207) YPosition(373) 
[16:34:37] [info] HIRAETH: Event pushed: Mouse Moved Event: XPosition(1195) YPosition(370) 
[16:34:37] [info] HIRAETH: Event pushed: Mouse Moved Event: XPosition(1171) YPosition(366) 
[16:34:37] [info] HIRAETH: Event pushed: Mouse Moved Event: XPosition(1134) YPosition(355) 
[16:34:37] [info] HIRAETH: Event pushed: Mouse Moved Event: XPosition(1089) YPosition(340) 
[16:34:37] [info] HIRAETH: Event pushed: Mouse Moved Event: XPosition(1019) YPosition(323) 
[16:34:37] [info] HIRAETH: Event pushed: Mouse Moved Event: XPosition(990) YPosition(312) 
[16:34:37] [info] HIRAETH: Event pushed: Mouse Moved Event: XPosition(972) YPosition(305) 
[16:34:37] [info] HIRAETH: Event pushed: Mouse Moved Event: XPosition(958) YPosition(298) 
[16:34:37] [info] HIRAETH: Event pushed: Mouse Moved Event: XPosition(943) YPosition(291) 
[16:34:37] [info] HIRAETH: Event pushed: Mouse Moved Event: XPosition(931) YPosition(284) 
[16:34:37] [info] HIRAETH: Event pushed: Mouse Moved Event: XPosition(908) YPosition(274) 
[16:34:37] [info] HIRAETH: Event pushed: Mouse Moved Event: XPosition(883) YPosition(263) 
[16:34:37] [info] HIRAETH: Event pushed: Mouse Moved Event: XPosition(843) YPosition(244) 
[16:34:37] [info] HIRAETH: Event pushed: Mouse Moved Event: XPosition(801) YPosition(226) 
[16:34:37] [info] HIRAETH: Event pushed: Mouse Moved Event: XPosition(773) YPosition(215) 
[16:34:37] [info] HIRAETH: Event pushed: Mouse Moved Event: XPosition(746) YPosition(208) 
[16:34:37] [info] HIRAETH: Event pushed: Mouse Moved Event: XPosition(731) YPosition(205) 
[16:34:37] [info] HIRAETH: Event pushed: Mouse Moved Event: XPosition(720) YPosition(199) 
[16:34:37] [info] HIRAETH: Event pushed: Mouse Moved Event: XPosition(713) YPosition(198) 
[16:34:37] [info] HIRAETH: Event pushed: Mouse Moved Event: XPosition(706) YPosition(195) 
[16:34:37] [info] HIRAETH: Event pushed: Mouse Moved Event: XPosition(705) YPosition(195) 
[16:34:37] [info] HIRAETH: Event pushed: Mouse Moved Event: XPosition(704) YPosition(195) 
[16:34:37] [info] HIRAETH: Event pushed: Mouse Moved Event: XPosition(701) YPosition(195) 
[16:34:37] [info] HIRAETH: Event pushed: Mouse Moved Event: XPosition(698) YPosition(195) 
[16:34:37] [info] HIRAETH: Event pushed: Mouse Moved Event: XPosition(694) YPosition(195) 
[16:34:37] [info] HIRAETH: Event pushed: Mouse Moved Event: XPosition(690) YPosition(195) 
[16:34:37] [info] HIRAETH: Event pushed: Mouse Moved Event: XPosition(688) YPosition(195) 
[16:34:37] [info] HIRAETH: Event pushed: Mouse Moved Event: XPosition(686) YPosition(193) 
[16:34:37] [info] HIRAETH: Event pushed: Mouse Moved Event: XPosition(684) YPosition(189) 
[16:34:37] [info] HIRAETH: Event pushed: Mouse Moved Event: XPosition(682) YPosition(183) 
[16:34:37] [info] HIRAETH: Event pushed: Mouse Moved Event: XPosition(681) YPosition(176) 
[16:34:37] [info] HIRAETH: Event pushed: Mouse Moved Event: XPosition(680) YPosition(172) 
[16:34:37] [info] HIRAETH: Event pushed: Mouse Moved Event: XPosition(680) YPosition(167) 
[16:34:37] [info] HIRAETH: Event pushed: Mouse Moved Event: XPosition(680) YPosition(162) 
[16:34:37] [info] HIRAETH: Event pushed: Mouse Moved Event: XPosition(680) YPosition(147) 
[16:34:37] [info] HIRAETH: Event pushed: Mouse Moved Event: XPosition(680) YPosition(136) 
[16:34:37] [info] HIRAETH: Event pushed: Mouse Moved Event: XPosition(680) YPosition(127) 
[16:34:37] [info] HIRAETH: Event pushed: Mouse Moved Event: XPosition(680) YPosition(123) 
[16:34:37] [info] HIRAETH: Event pushed: Mouse Moved Event: XPosition(681) YPosition(119) 
[16:34:37] [info] HIRAETH: Event pushed: Mouse Moved Event: XPosition(683) YPosition(115) 
[16:34:37] [info] HIRAETH: Event pushed: Mouse Moved Event: XPosition(684) YPosition(113) 
[16:34:37] [info] HIRAETH: Event pushed: Mouse Moved Event: XPosition(687) YPosition(110) 
[16:34:37] [info] HIRAETH: Event pushed: Mouse Moved Event: XPosition(688) YPosition(105) 
[16:34:37] [info] HIRAETH: Event pushed: Mouse Moved Event: XPosition(691) YPosition(98) 
[16:34:37] [info] HIRAETH: Event pushed: Mouse Moved Event: XPosition(692) YPosition(93) 
[16:34:37] [info] HIRAETH: Event pushed: Mouse Moved Event: XPosition(693) YPosition(90) 
[16:34:37] [info] HIRAETH: Event pushed: Mouse Moved Event: XPosition(694) YPosition(87) 
[16:34:37] [info] HIRAETH: Event pushed: Mouse Moved Event: XPosition(696) YPosition(84) 
[16:34:37] [info] HIRAETH: Event pushed: Mouse Moved Event: XPosition(697) YPosition(81) 
[16:34:37] [info] HIRAETH: Event pushed: Mouse Moved Event: XPosition(700) YPosition(78) 
[16:34:37] [info] HIRAETH: Event pushed: Mouse Moved Event: XPosition(702) YPosition(75) 
[16:34:37] [info] HIRAETH: Event pushed: Mouse Moved Event: XPosition(703) YPosition(72) 
[16:34:37] [info] HIRAETH: Event pushed: Mouse Moved Event: XPosition(707) YPosition(69) 
[16:34:37] [info] HIRAETH: Event pushed: Mouse Moved Event: XPosition(710) YPosition(68) 
[16:34:37] [info] HIRAETH: Event pushed: Mouse Moved Event: XPosition(714) YPosition(63) 
[16:34:37] [info] HIRAETH: Event pushed: Mouse Moved Event: XPosition(717) YPosition(59) 
[16:34:37] [info] HIRAETH: Event pushed: Mouse Moved Event: XPosition(718) YPosition(57) 
[16:34:37] [info] HIRAETH: Event pushed: Mouse Moved Event: XPosition(720) YPosition(55) 
[16:34:37] [info] HIRAETH: Event pushed: Mouse Moved Event: XPosition(724) YPosition(51) 
[16:34:37] [info] HIRAETH: Event pushed: Mouse Moved Event: XPosition(725) YPosition(50) 
[16:34:37] [info] HIRAETH: Event pushed: Mouse Moved Event: XPosition(727) YPosition(48) 
[16:34:37] [info] HIRAETH: Event pushed: Mouse Moved Event: XPosition(728) YPosition(48) 
[16:34:37] [info] HIRAETH: Event pushed: Mouse Moved Event: XPosition(729) YPosition(47) 
[16:34:37] [info] HIRAETH: Event pushed: Mouse Moved Event: XPosition(731) YPosition(46) 
[16:34:38] [info] HIRAETH: Event pushed: Mouse Moved Event: XPosition(731) YPosition(47) 
[16:34:38] [info] HIRAETH: Event pushed: Mouse Moved Event: XPosition(731) YPosition(48) 
[16:34:38] [info] HIRAETH: Event pushed: Mouse Moved Event: XPosition(731) YPosition(49) 
[16:34:38] [info] HIRAETH: Event pushed: Mouse Moved Event: XPosition(732) YPosition(52) 
[16:34:38] [info] HIRAETH: Event pushed: Mouse Moved Event: XPosition(733) YPosition(54) 
[16:34:38] [info] HIRAETH: Event pushed: Mouse Moved Event: XPosition(733) YPosition(55) 
[16:34:38] [info] HIRAETH: Event pushed: Mouse Moved Event: XPosition(734) YPosition(55) 
[16:34:38] [info] HIRAETH: Event pushed: Mouse Moved Event: XPosition(734) YPosition(56) 
[16:34:38] [info] HIRAETH: Event pushed: Mouse Moved Event: XPosition(735) YPosition(56) 
[16:34:38] [info] HIRAETH: Event pushed: Mouse Moved Event: XPosition(738) YPosition(58) 
[16:34:38] [info] HIRAETH: Event pushed: Mouse Moved Event: XPosition(740) YPosition(59) 
[16:34:38] [info] HIRAETH: Event pushed: Mouse Moved Event: XPosition(741) YPosition(60) 
[16:34:38] [info] HIRAETH: Event pushed: Mouse Moved Event: XPosition(741) YPosition(61) 
[16:34:38] [info] HIRAETH: Event pushed: Mouse Moved Event: XPosition(743) YPosition(62) 
[16:34:38] [info] HIRAETH: Event pushed: Mouse Moved Event: XPosition(745) YPosition(63) 
[16:34:38] [info] HIRAETH: Event pushed: Mouse Button Pressed: 0
[16:34:38] [info] HIRAETH: Event pushed: Mouse Button Released: 0
[16:34:38] [info] HIRAETH: Event pushed: Mouse Moved Event: XPosition(746) YPosition(65) 
[16:34:38] [info] HIRAETH: Event pushed: Mouse Moved Event: XPosition(746) YPosition(67) 
[16:34:38] [info] HIRAETH: Event pushed: Mouse Moved Event: XPosition(746) YPosition(69) 
[16:34:38] [info] HIRAETH: Event pushed: Mouse Moved Event: XPosition(746) YPosition(71) 
[16:34:38] [info] HIRAETH: Event pushed: Mouse Moved Event: XPosition(746) YPosition(72) 
[16:34:38] [info] HIRAETH: Event pushed: Mouse Moved Event: XPosition(746) YPosition(73) 
[16:34:38] [info] HIRAETH: Event pushed: Mouse Moved Event: XPosition(746) YPosition(74) 
[16:34:38] [info] HIRAETH: Event pushed: Mouse Moved Event: XPosition(746) YPosition(75) 
[16:34:38] [info] HIRAETH: Event pushed: Mouse Moved Event: XPosition(746) YPosition(76) 
[16:34:38] [info] HIRAETH: Event pushed: Mouse Moved Event: XPosition(746) YPosition(78) 
[16:34:38] [info] HIRAETH: Event pushed: Mouse Moved Event: XPosition(746) YPosition(80) 
[16:34:38] [info] HIRAETH: Event pushed: Mouse Moved Event: XPosition(746) YPosition(82) 
[16:34:38] [info] HIRAETH: Event pushed: Mouse Moved Event: XPosition(746) YPosition(83) 
[16:34:38] [info] HIRAETH: Event pushed: Mouse Moved Event: XPosition(746) YPosition(84) 
[16:34:38] [info] HIRAETH: Event pushed: Mouse Moved Event: XPosition(746) YPosition(86) 
[16:34:38] [info] HIRAETH: Event pushed: Mouse Moved Event: XPosition(746) YPosition(88) 
[16:34:38] [info] HIRAETH: Event pushed: Mouse Moved Event: XPosition(746) YPosition(90) 
[16:34:38] [info] HIRAETH: Event pushed: Mouse Moved Event: XPosition(744) YPosition(93) 
[16:34:38] [info] HIRAETH: Event pushed: Mouse Moved Event: XPosition(743) YPosition(96) 
[16:34:38] [info] HIRAETH: Event pushed: Mouse Moved Event: XPosition(743) YPosition(97) 
[16:34:38] [info] HIRAETH: Event pushed: Mouse Moved Event: XPosition(743) YPosition(98) 
[16:34:38] [info] HIRAETH: Event pushed: Mouse Moved Event: XPosition(743) YPosition(99) 
[16:34:39] [info] HIRAETH: Event pushed: Mouse Moved Event: XPosition(743) YPosition(101) 
[16:34:39] [info] HIRAETH: Event pushed: Mouse Moved Event: XPosition(743) YPosition(102) 
[16:34:39] [info] HIRAETH: Event pushed: Mouse Moved Event: XPosition(743) YPosition(103) 
[16:34:39] [info] HIRAETH: Event pushed: Mouse Moved Event: XPosition(743) YPosition(105) 
[16:34:39] [info] HIRAETH: Event pushed: Mouse Moved Event: XPosition(743) YPosition(107) 
[16:34:39] [info] HIRAETH: Event pushed: Mouse Moved Event: XPosition(743) YPosition(109) 
[16:34:39] [info] HIRAETH: Event pushed: Mouse Moved Event: XPosition(743) YPosition(111) 
[16:34:39] [info] HIRAETH: Event pushed: Mouse Moved Event: XPosition(743) YPosition(113) 
[16:34:39] [info] HIRAETH: Event pushed: Mouse Moved Event: XPosition(743) YPosition(114) 
[16:34:39] [info] HIRAETH: Event pushed: Mouse Moved Event: XPosition(742) YPosition(117) 
[16:34:39] [info] HIRAETH: Event pushed: Mouse Moved Event: XPosition(742) YPosition(122) 
[16:34:39] [info] HIRAETH: Event pushed: Mouse Moved Event: XPosition(742) YPosition(123) 
[16:34:39] [info] HIRAETH: Event pushed: Mouse Moved Event: XPosition(740) YPosition(119) 
[16:34:39] [info] HIRAETH: Event pushed: Mouse Moved Event: XPosition(740) YPosition(118) 
[16:34:39] [info] HIRAETH: Event pushed: Mouse Moved Event: XPosition(740) YPosition(117) 
[16:34:39] [info] HIRAETH: Event pushed: Mouse Moved Event: XPosition(740) YPosition(116) 
[16:34:39] [info] HIRAETH: Event pushed: Mouse Moved Event: XPosition(740) YPosition(115) 
[16:34:39] [info] HIRAETH: Event pushed: Mouse Button Pressed: 0
[16:34:39] [info] HIRAETH: Event pushed: Mouse Button Released: 0
[16:34:39] [info] HIRAETH: Event pushed: Mouse Moved Event: XPosition(739) YPosition(114) 
[16:34:39] [info] HIRAETH: Event pushed: Mouse Moved Event: XPosition(738) YPosition(115) 
[16:34:39] [info] HIRAETH: Event pushed: Mouse Moved Event: XPosition(737) YPosition(115) 
[16:34:39] [info] HIRAETH: Event pushed: Mouse Moved Event: XPosition(737) YPosition(116) 
[16:34:39] [info] HIRAETH: Event pushed: Mouse Moved Event: XPosition(735) YPosition(117) 
[16:34:40] [info] HIRAETH: Event pushed: Mouse Moved Event: XPosition(733) YPosition(119) 
[16:34:40] [info] HIRAETH: Event pushed: Mouse Moved Event: XPosition(732) YPosition(119) 
[16:34:40] [info] HIRAETH: Event pushed: Mouse Moved Event: XPosition(729) YPosition(119) 
[16:34:40] [info] HIRAETH: Event pushed: Mouse Moved Event: XPosition(727) YPosition(120) 
[16:34:40] [info] HIRAETH: Event pushed: Mouse Moved Event: XPosition(721) YPosition(122) 
[16:34:40] [info] HIRAETH: Event pushed: Mouse Moved Event: XPosition(718) YPosition(122) 
[16:34:40] [info] HIRAETH: Event pushed: Mouse Moved Event: XPosition(711) YPosition(124) 
[16:34:40] [info] HIRAETH: Event pushed: Mouse Moved Event: XPosition(705) YPosition(124) 
[16:34:40] [info] HIRAETH: Event pushed: Mouse Moved Event: XPosition(698) YPosition(125) 
[16:34:40] [info] HIRAETH: Event pushed: Mouse Moved Event: XPosition(687) YPosition(126) 
[16:34:40] [info] HIRAETH: Event pushed: Mouse Moved Event: XPosition(677) YPosition(126) 
[16:34:40] [info] HIRAETH: Event pushed: Mouse Moved Event: XPosition(667) YPosition(126) 
[16:34:40] [info] HIRAETH: Event pushed: Mouse Moved Event: XPosition(654) YPosition(126) 
[16:34:40] [info] HIRAETH: Event pushed: Mouse Moved Event: XPosition(628) YPosition(126) 
[16:34:40] [info] HIRAETH: Event pushed: Mouse Moved Event: XPosition(598) YPosition(126) 
[16:34:40] [info] HIRAETH: Event pushed: Mouse Moved Event: XPosition(563) YPosition(126) 
[16:34:40] [info] HIRAETH: Event pushed: Mouse Moved Event: XPosition(526) YPosition(123) 
[16:34:40] [info] HIRAETH: Event pushed: Mouse Moved Event: XPosition(511) YPosition(120) 
[16:34:40] [info] HIRAETH: Event pushed: Mouse Moved Event: XPosition(496) YPosition(116) 
[16:34:40] [info] HIRAETH: Event pushed: Mouse Moved Event: XPosition(484) YPosition(113) 
[16:34:40] [info] HIRAETH: Event pushed: Mouse Moved Event: XPosition(472) YPosition(109) 
[16:34:40] [info] HIRAETH: Event pushed: Mouse Moved Event: XPosition(461) YPosition(105) 
[16:34:40] [info] HIRAETH: Event pushed: Mouse Moved Event: XPosition(450) YPosition(100) 
[16:34:40] [info] HIRAETH: Event pushed: Mouse Moved Event: XPosition(443) YPosition(96) 
[16:34:40] [info] HIRAETH: Event pushed: Mouse Moved Event: XPosition(439) YPosition(93) 
[16:34:40] [info] HIRAETH: Event pushed: Mouse Moved Event: XPosition(436) YPosition(91) 
[16:34:40] [info] HIRAETH: Event pushed: Mouse Moved Event: XPosition(433) YPosition(89) 
[16:34:40] [info] HIRAETH: Event pushed: Mouse Moved Event: XPosition(430) YPosition(88) 
[16:34:40] [info] HIRAETH: Event pushed: Mouse Moved Event: XPosition(429) YPosition(87) 
[16:34:40] [info] HIRAETH: Event pushed: Mouse Moved Event: XPosition(428) YPosition(87) 
[16:34:40] [info] HIRAETH: Event pushed: Mouse Moved Event: XPosition(427) YPosition(86) 
[16:34:40] [info] HIRAETH: Event pushed: Mouse Moved Event: XPosition(425) YPosition(85) 
[16:34:40] [info] HIRAETH: Event pushed: Mouse Moved Event: XPosition(423) YPosition(85) 
[16:34:40] [info] HIRAETH: Event pushed: Mouse Moved Event: XPosition(423) YPosition(84) 
[16:34:40] [info] HIRAETH: Event pushed: Mouse Moved Event: XPosition(421) YPosition(84) 
[16:34:40] [info] HIRAETH: Event pushed: Mouse Moved Event: XPosition(420) YPosition(83) 
[16:34:40] [info] HIRAETH: Event pushed: Mouse Moved Event: XPosition(420) YPosition(82) 
[16:34:40] [info] HIRAETH: Event pushed: Mouse Moved Event: XPosition(420) YPosition(81) 
[16:34:40] [info] HIRAETH: Event pushed: Mouse Moved Event: XPosition(419) YPosition(80) 
[16:34:40] [info] HIRAETH: Event pushed: Mouse Moved Event: XPosition(419) YPosition(79) 
[16:34:40] [info] HIRAETH: Event pushed: Mouse Moved Event: XPosition(419) YPosition(78) 
[16:34:40] [info] HIRAETH: Event pushed: Mouse Moved Event: XPosition(418) YPosition(75) 
[16:34:40] [info] HIRAETH: Event pushed: Mouse Button Pressed: 0
[16:34:40] [info] HIRAETH: Event pushed: Mouse Moved Event: XPosition(417) YPosition(75) 
[16:34:40] [info] HIRAETH: Event pushed: Mouse Moved Event: XPosition(415) YPosition(74) 
[16:34:40] [info] HIRAETH: Event pushed: Mouse Moved Event: XPosition(414) YPosition(74) 
[16:34:40] [info] HIRAETH: Event pushed: Mouse Moved Event: XPosition(410) YPosition(73) 
[16:34:40] [info] HIRAETH: Event pushed: Mouse Moved Event: XPosition(406) YPosition(73) 
[16:34:40] [info] HIRAETH: Event pushed: Mouse Moved Event: XPosition(400) YPosition(73) 
[16:34:40] [info] HIRAETH: Event pushed: Mouse Moved Event: XPosition(393) YPosition(73) 
[16:34:40] [info] HIRAETH: Event pushed: Mouse Moved Event: XPosition(383) YPosition(73) 
[16:34:40] [info] HIRAETH: Event pushed: Mouse Moved Event: XPosition(376) YPosition(73) 
[16:34:40] [info] HIRAETH: Event pushed: Mouse Moved Event: XPosition(357) YPosition(79) 
[16:34:40] [info] HIRAETH: Event pushed: Mouse Moved Event: XPosition(211) YPosition(120) 
[16:34:40] [info] HIRAETH: Event pushed: Mouse Moved Event: XPosition(201) YPosition(125) 
[16:34:41] [info] HIRAETH: Event pushed: Mouse Moved Event: XPosition(180) YPosition(135) 
[16:34:41] [info] HIRAETH: Event pushed: Mouse Moved Event: XPosition(172) YPosition(138) 
[16:34:41] [info] HIRAETH: Event pushed: Mouse Moved Event: XPosition(165) YPosition(143) 
[16:34:41] [info] HIRAETH: Event pushed: Mouse Moved Event: XPosition(156) YPosition(147) 
[16:34:41] [info] HIRAETH: Event pushed: Mouse Moved Event: XPosition(150) YPosition(152) 
[16:34:41] [info] HIRAETH: Event pushed: Mouse Moved Event: XPosition(144) YPosition(157) 
[16:34:41] [info] HIRAETH: Event pushed: Mouse Moved Event: XPosition(135) YPosition(164) 
[16:34:41] [info] HIRAETH: Event pushed: Mouse Moved Event: XPosition(128) YPosition(167) 
[16:34:41] [info] HIRAETH: Event pushed: Mouse Moved Event: XPosition(124) YPosition(169) 
[16:34:41] [info] HIRAETH: Event pushed: Mouse Moved Event: XPosition(120) YPosition(170) 
[16:34:41] [info] HIRAETH: Event pushed: Mouse Moved Event: XPosition(116) YPosition(173) 
[16:34:41] [info] HIRAETH: Event pushed: Mouse Moved Event: XPosition(112) YPosition(174) 
[16:34:41] [info] HIRAETH: Event pushed: Mouse Moved Event: XPosition(108) YPosition(176) 
[16:34:41] [info] HIRAETH: Event pushed: Mouse Moved Event: XPosition(105) YPosition(178) 
[16:34:41] [info] HIRAETH: Event pushed: Mouse Moved Event: XPosition(102) YPosition(180) 
[16:34:41] [info] HIRAETH: Event pushed: Mouse Moved Event: XPosition(100) YPosition(182) 
[16:34:41] [info] HIRAETH: Event pushed: Mouse Moved Event: XPosition(96) YPosition(185) 
[16:34:41] [info] HIRAETH: Event pushed: Mouse Moved Event: XPosition(94) YPosition(187) 
[16:34:41] [info] HIRAETH: Event pushed: Mouse Moved Event: XPosition(91) YPosition(190) 
[16:34:41] [info] HIRAETH: Event pushed: Mouse Moved Event: XPosition(88) YPosition(192) 
[16:34:41] [info] HIRAETH: Event pushed: Mouse Moved Event: XPosition(82) YPosition(198) 
[16:34:41] [info] HIRAETH: Event pushed: Mouse Moved Event: XPosition(78) YPosition(203) 
[16:34:41] [info] HIRAETH: Event pushed: Mouse Moved Event: XPosition(74) YPosition(209) 
[16:34:41] [info] HIRAETH: Event pushed: Mouse Moved Event: XPosition(72) YPosition(210) 
[16:34:41] [info] HIRAETH: Event pushed: Mouse Moved Event: XPosition(71) YPosition(212) 
[16:34:41] [info] HIRAETH: Event pushed: Mouse Moved Event: XPosition(71) YPosition(216) 
[16:34:41] [info] HIRAETH: Event pushed: Mouse Moved Event: XPosition(71) YPosition(221) 
[16:34:41] [info] HIRAETH: Event pushed: Mouse Moved Event: XPosition(71) YPosition(226) 
[16:34:41] [info] HIRAETH: Event pushed: Mouse Moved Event: XPosition(71) YPosition(231) 
[16:34:41] [info] HIRAETH: Event pushed: Mouse Moved Event: XPosition(71) YPosition(236) 
[16:34:41] [info] HIRAETH: Event pushed: Mouse Moved Event: XPosition(71) YPosition(242) 
[16:34:41] [info] HIRAETH: Event pushed: Mouse Moved Event: XPosition(71) YPosition(247) 
[16:34:41] [info] HIRAETH: Event pushed: Mouse Moved Event: XPosition(71) YPosition(252) 
[16:34:41] [info] HIRAETH: Event pushed: Mouse Moved Event: XPosition(71) YPosition(256) 
[16:34:41] [info] HIRAETH: Event pushed: Mouse Moved Event: XPosition(72) YPosition(258) 
[16:34:41] [info] HIRAETH: Event pushed: Mouse Moved Event: XPosition(72) YPosition(261) 
[16:34:41] [info] HIRAETH: Event pushed: Mouse Moved Event: XPosition(72) YPosition(263) 
[16:34:41] [info] HIRAETH: Event pushed: Mouse Moved Event: XPosition(72) YPosition(264) 
[16:34:41] [info] HIRAETH: Event pushed: Mouse Moved Event: XPosition(72) YPosition(265) 
[16:34:41] [info] HIRAETH: Event pushed: Mouse Moved Event: XPosition(72) YPosition(267) 
[16:34:41] [info] HIRAETH: Event pushed: Mouse Moved Event: XPosition(72) YPosition(269) 
[16:34:41] [info] HIRAETH: Event pushed: Mouse Moved Event: XPosition(72) YPosition(273) 
[16:34:41] [info] HIRAETH: Event pushed: Mouse Moved Event: XPosition(72) YPosition(282) 
[16:34:41] [info] HIRAETH: Event pushed: Mouse Moved Event: XPosition(68) YPosition(291) 
[16:34:41] [info] HIRAETH: Event pushed: Mouse Moved Event: XPosition(64) YPosition(301) 
[16:34:41] [info] HIRAETH: Event pushed: Mouse Moved Event: XPosition(63) YPosition(304) 
[16:34:41] [info] HIRAETH: Event pushed: Mouse Moved Event: XPosition(61) YPosition(307) 
[16:34:41] [info] HIRAETH: Event pushed: Mouse Moved Event: XPosition(61) YPosition(308) 
[16:34:41] [info] HIRAETH: Event pushed: Mouse Moved Event: XPosition(61) YPosition(310) 
[16:34:41] [info] HIRAETH: Event pushed: Mouse Moved Event: XPosition(61) YPosition(313) 
[16:34:41] [info] HIRAETH: Event pushed: Mouse Moved Event: XPosition(61) YPosition(316) 
[16:34:41] [info] HIRAETH: Event pushed: Mouse Moved Event: XPosition(60) YPosition(325) 
[16:34:41] [info] HIRAETH: Event pushed: Mouse Moved Event: XPosition(54) YPosition(335) 
[16:34:41] [info] HIRAETH: Event pushed: Mouse Moved Event: XPosition(49) YPosition(345) 
[16:34:41] [info] HIRAETH: Event pushed: Mouse Moved Event: XPosition(43) YPosition(356) 
[16:34:41] [info] HIRAETH: Event pushed: Mouse Moved Event: XPosition(35) YPosition(368) 
[16:34:41] [info] HIRAETH: Event pushed: Mouse Moved Event: XPosition(28) YPosition(377) 
[16:34:41] [info] HIRAETH: Event pushed: Mouse Moved Event: XPosition(22) YPosition(383) 
[16:34:41] [info] HIRAETH: Event pushed: Mouse Moved Event: XPosition(20) YPosition(386) 
[16:34:41] [info] HIRAETH: Event pushed: Mouse Moved Event: XPosition(19) YPosition(386) 
[16:34:41] [info] HIRAETH: Event pushed: Mouse Moved Event: XPosition(18) YPosition(386) 
[16:34:42] [info] HIRAETH: Event pushed: Mouse Moved Event: XPosition(18) YPosition(384) 
[16:34:42] [info] HIRAETH: Event pushed: Mouse Button Released: 0
[16:34:42] [info] HIRAETH: Event pushed: Mouse Moved Event: XPosition(20) YPosition(382) 
[16:34:42] [info] HIRAETH: Event pushed: Mouse Moved Event: XPosition(23) YPosition(382) 
[16:34:42] [info] HIRAETH: Event pushed: Mouse Moved Event: XPosition(25) YPosition(382) 
[16:34:42] [info] HIRAETH: Event pushed: Mouse Moved Event: XPosition(32) YPosition(381) 
[16:34:42] [info] HIRAETH: Event pushed: Mouse Moved Event: XPosition(39) YPosition(380) 
[16:34:42] [info] HIRAETH: Event pushed: Mouse Moved Event: XPosition(45) YPosition(380) 
[16:34:42] [info] HIRAETH: Event pushed: Mouse Moved Event: XPosition(48) YPosition(380) 
[16:34:42] [info] HIRAETH: Event pushed: Mouse Moved Event: XPosition(52) YPosition(380) 
[16:34:42] [info] HIRAETH: Event pushed: Mouse Moved Event: XPosition(55) YPosition(380) 
[16:34:42] [info] HIRAETH: Event pushed: Mouse Moved Event: XPosition(60) YPosition(380) 
[16:34:42] [info] HIRAETH: Event pushed: Mouse Moved Event: XPosition(65) YPosition(380) 
[16:34:42] [info] HIRAETH: Event pushed: Mouse Moved Event: XPosition(71) YPosition(380) 
[16:34:42] [info] HIRAETH: Event pushed: Mouse Moved Event: XPosition(77) YPosition(380) 
[16:34:42] [info] HIRAETH: Event pushed: Mouse Moved Event: XPosition(84) YPosition(380) 
[16:34:42] [info] HIRAETH: Event pushed: Mouse Moved Event: XPosition(93) YPosition(380) 
[16:34:42] [info] HIRAETH: Event pushed: Mouse Moved Event: XPosition(99) YPosition(380) 
[16:34:42] [info] HIRAETH: Event pushed: Mouse Moved Event: XPosition(108) YPosition(380) 
[16:34:42] [info] HIRAETH: Event pushed: Mouse Moved Event: XPosition(118) YPosition(380) 
[16:34:42] [info] HIRAETH: Event pushed: Mouse Moved Event: XPosition(126) YPosition(380) 
[16:34:42] [info] HIRAETH: Event pushed: Mouse Moved Event: XPosition(135) YPosition(380) 
[16:34:42] [info] HIRAETH: Event pushed: Mouse Moved Event: XPosition(143) YPosition(380) 
[16:34:42] [info] HIRAETH: Event pushed: Mouse Moved Event: XPosition(150) YPosition(380) 
[16:34:42] [info] HIRAETH: Event pushed: Mouse Moved Event: XPosition(158) YPosition(380) 
[16:34:42] [info] HIRAETH: Event pushed: Mouse Moved Event: XPosition(163) YPosition(380) 
[16:34:42] [info] HIRAETH: Event pushed: Mouse Moved Event: XPosition(170) YPosition(380) 
[16:34:42] [info] HIRAETH: Event pushed: Mouse Moved Event: XPosition(179) YPosition(380) 
[16:34:42] [info] HIRAETH: Event pushed: Mouse Moved Event: XPosition(187) YPosition(377) 
[16:34:42] [info] HIRAETH: Event pushed: Mouse Moved Event: XPosition(195) YPosition(375) 
[16:34:42] [info] HIRAETH: Event pushed: Mouse Moved Event: XPosition(197) YPosition(373) 
[16:34:42] [info] HIRAETH: Event pushed: Mouse Moved Event: XPosition(200) YPosition(371) 
[16:34:42] [info] HIRAETH: Event pushed: Mouse Moved Event: XPosition(206) YPosition(367) 
[16:34:42] [info] HIRAETH: Event pushed: Mouse Moved Event: XPosition(207) YPosition(365) 
[16:34:42] [info] HIRAETH: Event pushed: Mouse Moved Event: XPosition(211) YPosition(359) 
[16:34:42] [info] HIRAETH: Event pushed: Mouse Moved Event: XPosition(212) YPosition(352) 
[16:34:42] [info] HIRAETH: Event pushed: Mouse Moved Event: XPosition(216) YPosition(344) 
[16:34:42] [info] HIRAETH: Event pushed: Mouse Moved Event: XPosition(217) YPosition(337) 
[16:34:42] [info] HIRAETH: Event pushed: Mouse Moved Event: XPosition(218) YPosition(327) 
[16:34:42] [info] HIRAETH: Event pushed: Mouse Moved Event: XPosition(222) YPosition(317) 
[16:34:42] [info] HIRAETH: Event pushed: Mouse Moved Event: XPosition(224) YPosition(309) 
[16:34:42] [info] HIRAETH: Event pushed: Mouse Moved Event: XPosition(230) YPosition(300) 
[16:34:42] [info] HIRAETH: Event pushed: Mouse Moved Event: XPosition(232) YPosition(293) 
[16:34:42] [info] HIRAETH: Event pushed: Mouse Moved Event: XPosition(235) YPosition(287) 
[16:34:42] [info] HIRAETH: Event pushed: Mouse Moved Event: XPosition(238) YPosition(278) 
[16:34:42] [info] HIRAETH: Event pushed: Mouse Moved Event: XPosition(240) YPosition(274) 
[16:34:42] [info] HIRAETH: Event pushed: Mouse Moved Event: XPosition(243) YPosition(263) 
[16:34:42] [info] HIRAETH: Event pushed: Mouse Moved Event: XPosition(246) YPosition(252) 
[16:34:42] [info] HIRAETH: Event pushed: Mouse Moved Event: XPosition(246) YPosition(247) 
[16:34:42] [info] HIRAETH: Event pushed: Mouse Moved Event: XPosition(246) YPosition(244) 
[16:34:42] [info] HIRAETH: Event pushed: Mouse Moved Event: XPosition(237) YPosition(232) 
[16:34:42] [info] HIRAETH: Event pushed: Mouse Moved Event: XPosition(231) YPosition(226) 
[16:34:42] [info] HIRAETH: Event pushed: Mouse Moved Event: XPosition(228) YPosition(225) 
[16:34:42] [info] HIRAETH: Event pushed: Mouse Moved Event: XPosition(226) YPosition(224) 
[16:34:42] [info] HIRAETH: Event pushed: Mouse Moved Event: XPosition(222) YPosition(222) 
[16:34:42] [info] HIRAETH: Event pushed: Mouse Moved Event: XPosition(219) YPosition(221) 
[16:34:42] [info] HIRAETH: Event pushed: Mouse Moved Event: XPosition(215) YPosition(221) 
[16:34:42] [info] HIRAETH: Event pushed: Mouse Moved Event: XPosition(214) YPosition(221) 
[16:34:42] [info] HIRAETH: Event pushed: Mouse Moved Event: XPosition(212) YPosition(221) 
[16:34:42] [info] HIRAETH: Event pushed: Mouse Moved Event: XPosition(210) YPosition(220) 
[16:34:42] [info] HIRAETH: Event pushed: Mouse Moved Event: XPosition(207) YPosition(219) 
[16:34:42] [info] HIRAETH: Event pushed: Mouse Moved Event: XPosition(204) YPosition(217) 
[16:34:42] [info] HIRAETH: Event pushed: Mouse Moved Event: XPosition(204) YPosition(216) 
[16:34:42] [info] HIRAETH: Event pushed: Mouse Moved Event: XPosition(200) YPosition(212) 
[16:34:42] [info] HIRAETH: Event pushed: Mouse Moved Event: XPosition(198) YPosition(209) 
[16:34:42] [info] HIRAETH: Event pushed: Mouse Moved Event: XPosition(197) YPosition(208) 
[16:34:42] [info] HIRAETH: Event pushed: Mouse Moved Event: XPosition(197) YPosition(204) 
[16:34:42] [info] HIRAETH: Event pushed: Mouse Moved Event: XPosition(197) YPosition(199) 
[16:34:42] [info] HIRAETH: Event pushed: Mouse Moved Event: XPosition(197) YPosition(189) 
[16:34:42] [info] HIRAETH: Event pushed: Mouse Moved Event: XPosition(198) YPosition(175) 
[16:34:42] [info] HIRAETH: Event pushed: Mouse Moved Event: XPosition(204) YPosition(157) 
[16:34:42] [info] HIRAETH: Event pushed: Mouse Moved Event: XPosition(212) YPosition(139) 
[16:34:42] [info] HIRAETH: Event pushed: Mouse Moved Event: XPosition(215) YPosition(129) 
[16:34:42] [info] HIRAETH: Event pushed: Mouse Moved Event: XPosition(219) YPosition(123) 
[16:34:42] [info] HIRAETH: Event pushed: Mouse Moved Event: XPosition(223) YPosition(115) 
[16:34:42] [info] HIRAETH: Event pushed: Mouse Moved Event: XPosition(225) YPosition(111) 
[16:34:42] [info] HIRAETH: Event pushed: Mouse Moved Event: XPosition(228) YPosition(106) 
[16:34:42] [info] HIRAETH: Event pushed: Mouse Moved Event: XPosition(231) YPosition(103) 
[16:34:42] [info] HIRAETH: Event pushed: Mouse Moved Event: XPosition(235) YPosition(101) 
[16:34:42] [info] HIRAETH: Event pushed: Mouse Moved Event: XPosition(243) YPosition(97) 
[16:34:42] [info] HIRAETH: Event pushed: Mouse Moved Event: XPosition(251) YPosition(96) 
[16:34:42] [info] HIRAETH: Event pushed: Mouse Moved Event: XPosition(262) YPosition(90) 
[16:34:42] [info] HIRAETH: Event pushed: Mouse Moved Event: XPosition(270) YPosition(89) 
[16:34:42] [info] HIRAETH: Event pushed: Mouse Moved Event: XPosition(283) YPosition(85) 
[16:34:42] [info] HIRAETH: Event pushed: Mouse Moved Event: XPosition(306) YPosition(82) 
[16:34:42] [info] HIRAETH: Event pushed: Mouse Moved Event: XPosition(318) YPosition(81) 
[16:34:42] [info] HIRAETH: Event pushed: Mouse Moved Event: XPosition(333) YPosition(81) 
[16:34:42] [info] HIRAETH: Event pushed: Mouse Moved Event: XPosition(348) YPosition(78) 
[16:34:42] [info] HIRAETH: Event pushed: Mouse Moved Event: XPosition(363) YPosition(78) 
[16:34:42] [info] HIRAETH: Event pushed: Mouse Moved Event: XPosition(379) YPosition(78) 
[16:34:42] [info] HIRAETH: Event pushed: Mouse Moved Event: XPosition(404) YPosition(78) 
[16:34:42] [info] HIRAETH: Event pushed: Mouse Moved Event: XPosition(424) YPosition(78) 
[16:34:42] [info] HIRAETH: Event pushed: Mouse Moved Event: XPosition(434) YPosition(76) 
[16:34:42] [info] HIRAETH: Event pushed: Mouse Moved Event: XPosition(435) YPosition(75) 
[16:34:43] [info] HIRAETH: Event pushed: Mouse Moved Event: XPosition(435) YPosition(73) 
[16:34:43] [info] HIRAETH: Event pushed: Mouse Moved Event: XPosition(432) YPosition(71) 
[16:34:43] [info] HIRAETH: Event pushed: Mouse Moved Event: XPosition(425) YPosition(69) 
[16:34:43] [info] HIRAETH: Event pushed: Mouse Moved Event: XPosition(423) YPosition(68) 
[16:34:43] [info] HIRAETH: Event pushed: Mouse Moved Event: XPosition(422) YPosition(68) 
[16:34:43] [info] HIRAETH: Event pushed: Mouse Moved Event: XPosition(420) YPosition(68) 
[16:34:43] [info] HIRAETH: Event pushed: Mouse Moved Event: XPosition(419) YPosition(68) 
[16:34:43] [info] HIRAETH: Event pushed: Mouse Moved Event: XPosition(416) YPosition(67) 
[16:34:43] [info] HIRAETH: Event pushed: Mouse Moved Event: XPosition(412) YPosition(66) 
[16:34:43] [info] HIRAETH: Event pushed: Mouse Moved Event: XPosition(405) YPosition(64) 
[16:34:43] [info] HIRAETH: Event pushed: Mouse Moved Event: XPosition(400) YPosition(64) 
[16:34:43] [info] HIRAETH: Event pushed: Mouse Moved Event: XPosition(391) YPosition(62) 
[16:34:43] [info] HIRAETH: Event pushed: Mouse Moved Event: XPosition(381) YPosition(61) 
[16:34:43] [info] HIRAETH: Event pushed: Mouse Moved Event: XPosition(366) YPosition(61) 
[16:34:43] [info] HIRAETH: Event pushed: Mouse Moved Event: XPosition(349) YPosition(61) 
[16:34:43] [info] HIRAETH: Event pushed: Mouse Moved Event: XPosition(337) YPosition(61) 
[16:34:43] [info] HIRAETH: Event pushed: Mouse Moved Event: XPosition(333) YPosition(61) 
[16:34:43] [info] HIRAETH: Event pushed: Mouse Moved Event: XPosition(329) YPosition(63) 
[16:34:43] [info] HIRAETH: Event pushed: Mouse Moved Event: XPosition(325) YPosition(64) 
[16:34:43] [info] HIRAETH: Event pushed: Mouse Moved Event: XPosition(322) YPosition(67) 
[16:34:43] [info] HIRAETH: Event pushed: Mouse Moved Event: XPosition(321) YPosition(68) 
[16:34:43] [info] HIRAETH: Event pushed: Mouse Moved Event: XPosition(318) YPosition(70) 
[16:34:43] [info] HIRAETH: Event pushed: Mouse Moved Event: XPosition(315) YPosition(73) 
[16:34:43] [info] HIRAETH: Event pushed: Mouse Moved Event: XPosition(313) YPosition(75) 
[16:34:43] [info] HIRAETH: Event pushed: Mouse Moved Event: XPosition(312) YPosition(76) 
[16:34:43] [info] HIRAETH: Event pushed: Mouse Moved Event: XPosition(309) YPosition(79) 
[16:34:43] [info] HIRAETH: Event pushed: Mouse Moved Event: XPosition(308) YPosition(82) 
[16:34:43] [info] HIRAETH: Event pushed: Mouse Moved Event: XPosition(306) YPosition(85) 
[16:34:43] [info] HIRAETH: Event pushed: Mouse Moved Event: XPosition(304) YPosition(87) 
[16:34:43] [info] HIRAETH: Event pushed: Mouse Moved Event: XPosition(303) YPosition(90) 
[16:34:43] [info] HIRAETH: Event pushed: Mouse Moved Event: XPosition(303) YPosition(94) 
[16:34:43] [info] HIRAETH: Event pushed: Mouse Moved Event: XPosition(301) YPosition(96) 
[16:34:43] [info] HIRAETH: Event pushed: Mouse Moved Event: XPosition(300) YPosition(97) 
[16:34:43] [info] HIRAETH: Event pushed: Mouse Moved Event: XPosition(300) YPosition(99) 
[16:34:43] [info] HIRAETH: Event pushed: Mouse Moved Event: XPosition(300) YPosition(101) 
[16:34:43] [info] HIRAETH: Event pushed: Mouse Moved Event: XPosition(300) YPosition(104) 
[16:34:43] [info] HIRAETH: Event pushed: Mouse Moved Event: XPosition(300) YPosition(106) 
[16:34:43] [info] HIRAETH: Event pushed: Mouse Moved Event: XPosition(300) YPosition(108) 
[16:34:43] [info] HIRAETH: Event pushed: Mouse Moved Event: XPosition(300) YPosition(109) 
[16:34:43] [info] HIRAETH: Event pushed: Mouse Moved Event: XPosition(301) YPosition(110) 
[16:34:43] [info] HIRAETH: Event pushed: Mouse Moved Event: XPosition(301) YPosition(111) 
[16:34:43] [info] HIRAETH: Event pushed: Mouse Moved Event: XPosition(301) YPosition(112) 
[16:34:43] [info] HIRAETH: Event pushed: Mouse Moved Event: XPosition(301) YPosition(114) 
[16:34:43] [info] HIRAETH: Event pushed: Mouse Moved Event: XPosition(301) YPosition(115) 
[16:34:43] [info] HIRAETH: Event pushed: Mouse Moved Event: XPosition(301) YPosition(116) 
[16:34:43] [info] HIRAETH: Event pushed: Mouse Moved Event: XPosition(300) YPosition(117) 
[16:34:43] [info] HIRAETH: Event pushed: Mouse Moved Event: XPosition(298) YPosition(119) 
[16:34:43] [info] HIRAETH: Event pushed: Mouse Moved Event: XPosition(295) YPosition(119) 
[16:34:43] [info] HIRAETH: Event pushed: Mouse Moved Event: XPosition(291) YPosition(120) 
[16:34:43] [info] HIRAETH: Event pushed: Mouse Moved Event: XPosition(286) YPosition(120) 
[16:34:43] [info] HIRAETH: Event pushed: Mouse Moved Event: XPosition(281) YPosition(121) 
[16:34:43] [info] HIRAETH: Event pushed: Mouse Moved Event: XPosition(275) YPosition(123) 
[16:34:43] [info] HIRAETH: Event pushed: Mouse Moved Event: XPosition(273) YPosition(124) 
[16:34:43] [info] HIRAETH: Event pushed: Mouse Moved Event: XPosition(272) YPosition(125) 
[16:34:43] [info] HIRAETH: Event pushed: Mouse Moved Event: XPosition(269) YPosition(126) 
[16:34:43] [info] HIRAETH: Event pushed: Mouse Moved Event: XPosition(268) YPosition(127) 
[16:34:43] [info] HIRAETH: Event pushed: Mouse Moved Event: XPosition(268) YPosition(128) 
[16:34:43] [info] HIRAETH: Event pushed: Mouse Moved Event: XPosition(268) YPosition(129) 
[16:34:43] [info] HIRAETH: Event pushed: Mouse Moved Event: XPosition(269) YPosition(129) 
[16:34:43] [info] HIRAETH: Event pushed: Mouse Moved Event: XPosition(270) YPosition(129) 
[16:34:43] [info] HIRAETH: Event pushed: Mouse Moved Event: XPosition(273) YPosition(129) 
[16:34:43] [info] HIRAETH: Event pushed: Mouse Moved Event: XPosition(278) YPosition(130) 
[16:34:43] [info] HIRAETH: Event pushed: Mouse Moved Event: XPosition(287) YPosition(134) 
[16:34:43] [info] HIRAETH: Event pushed: Mouse Moved Event: XPosition(292) YPosition(135) 
[16:34:43] [info] HIRAETH: Event pushed: Mouse Moved Event: XPosition(299) YPosition(136) 
[16:34:43] [info] HIRAETH: Event pushed: Mouse Moved Event: XPosition(308) YPosition(138) 
[16:34:43] [info] HIRAETH: Event pushed: Mouse Moved Event: XPosition(316) YPosition(138) 
[16:34:43] [info] HIRAETH: Event pushed: Mouse Moved Event: XPosition(326) YPosition(138) 
[16:34:43] [info] HIRAETH: Event pushed: Mouse Moved Event: XPosition(343) YPosition(138) 
[16:34:43] [info] HIRAETH: Event pushed: Mouse Moved Event: XPosition(358) YPosition(138) 
[16:34:43] [info] HIRAETH: Event pushed: Mouse Moved Event: XPosition(373) YPosition(138) 
[16:34:43] [info] HIRAETH: Event pushed: Mouse Moved Event: XPosition(393) YPosition(138) 
[16:34:43] [info] HIRAETH: Event pushed: Mouse Moved Event: XPosition(413) YPosition(138) 
[16:34:43] [info] HIRAETH: Event pushed: Mouse Moved Event: XPosition(432) YPosition(138) 
[16:34:43] [info] HIRAETH: Event pushed: Mouse Moved Event: XPosition(460) YPosition(136) 
[16:34:43] [info] HIRAETH: Event pushed: Mouse Moved Event: XPosition(516) YPosition(125) 
[16:34:43] [info] HIRAETH: Event pushed: Mouse Moved Event: XPosition(546) YPosition(118) 
[16:34:43] [info] HIRAETH: Event pushed: Mouse Moved Event: XPosition(568) YPosition(109) 
[16:34:44] [info] HIRAETH: Event pushed: Mouse Moved Event: XPosition(589) YPosition(101) 
[16:34:44] [info] HIRAETH: Event pushed: Mouse Moved Event: XPosition(608) YPosition(93) 
[16:34:44] [info] HIRAETH: Event pushed: Mouse Moved Event: XPosition(623) YPosition(86) 
[16:34:44] [info] HIRAETH: Event pushed: Mouse Moved Event: XPosition(636) YPosition(81) 
[16:34:44] [info] HIRAETH: Event pushed: Mouse Moved Event: XPosition(646) YPosition(76) 
[16:34:44] [info] HIRAETH: Event pushed: Mouse Moved Event: XPosition(652) YPosition(71) 
[16:34:44] [info] HIRAETH: Event pushed: Mouse Moved Event: XPosition(657) YPosition(66) 
[16:34:44] [info] HIRAETH: Event pushed: Mouse Moved Event: XPosition(658) YPosition(65) 
[16:34:44] [info] HIRAETH: Event pushed: Mouse Moved Event: XPosition(658) YPosition(63) 
[16:34:44] [info] HIRAETH: Event pushed: Mouse Moved Event: XPosition(658) YPosition(61) 
[16:34:44] [info] HIRAETH: Event pushed: Mouse Moved Event: XPosition(658) YPosition(60) 
[16:34:44] [info] HIRAETH: Event pushed: Mouse Moved Event: XPosition(658) YPosition(59) 
[16:34:44] [info] HIRAETH: Event pushed: Mouse Moved Event: XPosition(658) YPosition(58) 
[16:34:44] [info] HIRAETH: Event pushed: Mouse Moved Event: XPosition(658) YPosition(57) 
[16:34:44] [info] HIRAETH: Event pushed: Mouse Moved Event: XPosition(657) YPosition(57) 
[16:34:44] [info] HIRAETH: Event pushed: Mouse Moved Event: XPosition(656) YPosition(57) 
[16:34:44] [info] HIRAETH: Event pushed: Mouse Moved Event: XPosition(652) YPosition(56) 
[16:34:44] [info] HIRAETH: Event pushed: Mouse Moved Event: XPosition(652) YPosition(55) 
[16:34:44] [info] HIRAETH: Event pushed: Mouse Moved Event: XPosition(651) YPosition(54) 
[16:34:44] [info] HIRAETH: Event pushed: Mouse Moved Event: XPosition(653) YPosition(53) 
[16:34:44] [info] HIRAETH: Event pushed: Mouse Moved Event: XPosition(661) YPosition(50) 
[16:34:44] [info] HIRAETH: Event pushed: Mouse Moved Event: XPosition(671) YPosition(50) 
[16:34:44] [info] HIRAETH: Event pushed: Mouse Moved Event: XPosition(686) YPosition(46) 
[16:34:44] [info] HIRAETH: Event pushed: Mouse Moved Event: XPosition(698) YPosition(45) 
[16:34:44] [info] HIRAETH: Event pushed: Mouse Moved Event: XPosition(713) YPosition(42) 
[16:34:44] [info] HIRAETH: Event pushed: Mouse Moved Event: XPosition(728) YPosition(36) 
[16:34:44] [info] HIRAETH: Event pushed: Mouse Moved Event: XPosition(748) YPosition(30) 
[16:34:44] [info] HIRAETH: Event pushed: Mouse Moved Event: XPosition(770) YPosition(27) 
[16:34:44] [info] HIRAETH: Event pushed: Mouse Moved Event: XPosition(794) YPosition(20) 
[16:34:44] [info] HIRAETH: Event pushed: Mouse Moved Event: XPosition(818) YPosition(14) 
[16:34:44] [info] HIRAETH: Event pushed: Mouse Moved Event: XPosition(842) YPosition(7) 
[16:34:44] [info] HIRAETH: Event pushed: Mouse Moved Event: XPosition(859) YPosition(2) 
