e:\visual studio 2019\projects\hiraeth\hiraeth\submodules\glfw\bin-int\debug-windows-x86_64\glfw\init.obj
e:\visual studio 2019\projects\hiraeth\hiraeth\submodules\glfw\bin-int\debug-windows-x86_64\glfw\egl_context.obj
e:\visual studio 2019\projects\hiraeth\hiraeth\submodules\glfw\bin-int\debug-windows-x86_64\glfw\context.obj
e:\visual studio 2019\projects\hiraeth\hiraeth\submodules\glfw\bin-int\debug-windows-x86_64\glfw\win32_joystick.obj
e:\visual studio 2019\projects\hiraeth\hiraeth\submodules\glfw\bin-int\debug-windows-x86_64\glfw\win32_monitor.obj
e:\visual studio 2019\projects\hiraeth\hiraeth\submodules\glfw\bin-int\debug-windows-x86_64\glfw\monitor.obj
e:\visual studio 2019\projects\hiraeth\hiraeth\submodules\glfw\bin-int\debug-windows-x86_64\glfw\win32_time.obj
e:\visual studio 2019\projects\hiraeth\hiraeth\submodules\glfw\bin-int\debug-windows-x86_64\glfw\osmesa_context.obj
e:\visual studio 2019\projects\hiraeth\hiraeth\submodules\glfw\bin-int\debug-windows-x86_64\glfw\win32_window.obj
e:\visual studio 2019\projects\hiraeth\hiraeth\submodules\glfw\bin-int\debug-windows-x86_64\glfw\vulkan.obj
e:\visual studio 2019\projects\hiraeth\hiraeth\submodules\glfw\bin-int\debug-windows-x86_64\glfw\window.obj
e:\visual studio 2019\projects\hiraeth\hiraeth\submodules\glfw\bin-int\debug-windows-x86_64\glfw\win32_thread.obj
e:\visual studio 2019\projects\hiraeth\hiraeth\submodules\glfw\bin-int\debug-windows-x86_64\glfw\win32_init.obj
e:\visual studio 2019\projects\hiraeth\hiraeth\submodules\glfw\bin-int\debug-windows-x86_64\glfw\wgl_context.obj
e:\visual studio 2019\projects\hiraeth\hiraeth\submodules\glfw\bin-int\debug-windows-x86_64\glfw\input.obj
e:\visual studio 2019\projects\hiraeth\hiraeth\submodules\glfw\bin-int\debug-windows-x86_64\glfw\glfw.pdb
e:\visual studio 2019\projects\hiraeth\hiraeth\submodules\glfw\bin\debug-windows-x86_64\glfw\glfw.lib
e:\visual studio 2019\projects\hiraeth\hiraeth\submodules\glfw\bin-int\debug-windows-x86_64\glfw\glfw.idb
e:\visual studio 2019\projects\hiraeth\hiraeth\submodules\glfw\bin-int\debug-windows-x86_64\glfw\glfw.tlog\cl.11292.write.1.tlog
e:\visual studio 2019\projects\hiraeth\hiraeth\submodules\glfw\bin-int\debug-windows-x86_64\glfw\glfw.tlog\cl.command.1.tlog
e:\visual studio 2019\projects\hiraeth\hiraeth\submodules\glfw\bin-int\debug-windows-x86_64\glfw\glfw.tlog\cl.read.1.tlog
e:\visual studio 2019\projects\hiraeth\hiraeth\submodules\glfw\bin-int\debug-windows-x86_64\glfw\glfw.tlog\lib-link.read.1.tlog
e:\visual studio 2019\projects\hiraeth\hiraeth\submodules\glfw\bin-int\debug-windows-x86_64\glfw\glfw.tlog\lib-link.write.1.tlog
e:\visual studio 2019\projects\hiraeth\hiraeth\submodules\glfw\bin-int\debug-windows-x86_64\glfw\glfw.tlog\lib.command.1.tlog
